<?xml version="1.0" encoding="UTF-8"?>
<testsuite name="NioFileApiTest" tests="1" skipped="0" failures="0" errors="0" timestamp="2021-03-15T15:36:36" hostname="PARAG" time="0.027">
  <properties/>
  <testcase name="givenPathWhenCheckedThenConfirm" classname="NioFileApiTest" time="0.027"/>
  <system-out><![CDATA[C:\Users\Parag\TempPlayGround\temp1
C:\Users\Parag\TempPlayGround\temp2
C:\Users\Parag\TempPlayGround\temp3
C:\Users\Parag\TempPlayGround\temp4
C:\Users\Parag\TempPlayGround\temp5
C:\Users\Parag\TempPlayGround\temp6
C:\Users\Parag\TempPlayGround\temp7
C:\Users\Parag\TempPlayGround\temp8
C:\Users\Parag\TempPlayGround\temp9
C:\Users\Parag\TempPlayGround\temp1
C:\Users\Parag\TempPlayGround\temp2
C:\Users\Parag\TempPlayGround\temp3
C:\Users\Parag\TempPlayGround\temp4
C:\Users\Parag\TempPlayGround\temp5
C:\Users\Parag\TempPlayGround\temp6
C:\Users\Parag\TempPlayGround\temp7
C:\Users\Parag\TempPlayGround\temp8
C:\Users\Parag\TempPlayGround\temp9
]]></system-out>
  <system-err><![CDATA[]]></system-err>
</testsuite>
